<?xml version="1.0" encoding="UTF-8"?>
<!-- Generated by org.testng.reporters.JUnitXMLReporter -->
<testsuite ignored="0" hostname="SPARE1" failures="0" tests="4" name="Test" time="19.076" errors="0" timestamp="2020-03-24T07:17:06 AEDT">
  <testcase classname="com.test.LoginTestChrome" name="setup" time="2.434"/>
  <testcase classname="com.test.LoginTestChrome" name="login" time="5.013"/>
  <testcase classname="com.test.LoginTestFireFox" name="setup" time="2.61"/>
  <testcase classname="com.test.LoginTestFireFox" name="login" time="8.982"/>
</testsuite> <!-- Test -->
