<?xml version="1.0" encoding="UTF-8"?>
<!-- Generated by org.testng.reporters.JUnitXMLReporter -->
<testsuite ignored="0" hostname="SPARE1" failures="0" tests="4" name="Test1" time="10.438" errors="0" timestamp="2020-03-24T09:45:10 AEDT">
  <testcase classname="com.test.LoginTestChrome" name="setup" time="2.461"/>
  <testcase classname="com.test.LoginTestFireFox" name="setup" time="3.003"/>
  <testcase classname="com.test.LoginTestEdge" name="setup" time="5.514"/>
  <testcase classname="com.test.LoginTestChrome" name="login" time="7.936"/>
</testsuite> <!-- Test1 -->
